0 verbose cli /home/ec2-user/.local/share/fnm/node-versions/v20.16.0/installation/bin/node /run/user/1000/fnm_multishells/3050_1722263422110/bin/npm
1 info using npm@10.8.1
2 info using node@v20.16.0
3 silly config load:file:/home/ec2-user/.local/share/fnm/node-versions/v20.16.0/installation/lib/node_modules/npm/npmrc
4 silly config load:file:/home/ec2-user/.npmrc
5 silly config load:file:/home/ec2-user/.local/share/fnm/node-versions/v20.16.0/installation/etc/npmrc
6 verbose title npm init
7 verbose argv "init" "--yes"
8 verbose logfile logs-max:10 dir:/home/ec2-user/.npm/_logs/2024-07-29T14_50_37_693Z-
9 verbose logfile /home/ec2-user/.npm/_logs/2024-07-29T14_50_37_693Z-debug-0.log
10 silly logfile done cleaning log files
11 silly package data {
11 silly package data   name: 'ec2-user',
11 silly package data   version: '1.0.0',
11 silly package data   main: 'index.js',
11 silly package data   scripts: { test: 'echo "Error: no test specified" && exit 1' },
11 silly package data   keywords: [],
11 silly package data   author: '',
11 silly package data   license: 'ISC',
11 silly package data   description: ''
11 silly package data }
12 verbose cwd /home/ec2-user
13 verbose os Linux 6.1.97-104.177.amzn2023.x86_64
14 verbose node v20.16.0
15 verbose npm  v10.8.1
16 verbose exit 0
17 info ok
