0 verbose cli /home/ec2-user/.local/share/fnm/node-versions/v20.16.0/installation/bin/node /run/user/1000/fnm_multishells/2708_1722263077381/bin/npm
1 info using npm@10.8.1
2 info using node@v20.16.0
3 silly config load:file:/home/ec2-user/.local/share/fnm/node-versions/v20.16.0/installation/lib/node_modules/npm/npmrc
4 silly config load:file:/home/ec2-user/.npmrc
5 silly config load:file:/home/ec2-user/.local/share/fnm/node-versions/v20.16.0/installation/etc/npmrc
6 verbose title npm create vite@latest profilesapp --template react
7 verbose argv "create" "vite@latest" "profilesapp" "--" "--template" "react"
8 verbose logfile logs-max:10 dir:/home/ec2-user/.npm/_logs/2024-07-29T14_26_06_676Z-
9 verbose logfile /home/ec2-user/.npm/_logs/2024-07-29T14_26_06_676Z-debug-0.log
10 silly logfile done cleaning log files
11 silly packumentCache heap:510656512 maxSize:127664128 maxEntrySize:63832064
12 http fetch GET 200 https://registry.npmjs.org/npm 143ms
13 http fetch GET 200 https://registry.npmjs.org/create-vite 125ms (cache miss)
14 silly packumentCache heap:510656512 maxSize:127664128 maxEntrySize:63832064
15 silly idealTree buildDeps
16 silly fetch manifest create-vite@5.4.0
17 silly packumentCache full:https://registry.npmjs.org/create-vite cache-miss
18 http fetch GET 200 https://registry.npmjs.org/create-vite 52ms (cache miss)
19 silly packumentCache full:https://registry.npmjs.org/create-vite set size:undefined disposed:false
20 silly placeDep ROOT create-vite@5.4.0 OK for:  want: 5.4.0
21 silly reify moves {}
22 silly audit bulk request { 'create-vite': [ '5.4.0' ] }
23 silly tarball no local data for create-vite@https://registry.npmjs.org/create-vite/-/create-vite-5.4.0.tgz. Extracting by manifest.
24 http fetch POST 200 https://registry.npmjs.org/-/npm/v1/security/advisories/bulk 109ms
25 silly audit report {}
26 http fetch GET 200 https://registry.npmjs.org/create-vite/-/create-vite-5.4.0.tgz 193ms (cache miss)
27 verbose cwd /home/ec2-user
28 verbose os Linux 6.1.97-104.177.amzn2023.x86_64
29 verbose node v20.16.0
30 verbose npm  v10.8.1
31 notice
31 notice New [36mpatch[39m version of npm available! [36m10.8.1[39m -> [34m10.8.2[39m
31 notice Changelog: [34mhttps://github.com/npm/cli/releases/tag/v10.8.2[39m
31 notice To update run: [4mnpm install -g npm@10.8.2[24m
31 notice  { force: true, [Symbol(proc-log.meta)]: true }
32 verbose exit 0
33 info ok
